android/app/proguard/seeds.txt
cn.rentsoft.flutter.toklink.business.R$style
cn.rentsoft.flutter.toklink.business.R$animator
cn.rentsoft.flutter.toklink.business.R$drawable
cn.rentsoft.flutter.toklink.business.R$color
cn.rentsoft.flutter.toklink.business.R$menu
cn.rentsoft.flutter.toklink.business.R$layout
cn.rentsoft.flutter.toklink.business.R$xml
cn.rentsoft.flutter.toklink.business.R$attr
cn.rentsoft.flutter.toklink.business.R$styleable
cn.rentsoft.flutter.toklink.business.R$id
cn.rentsoft.flutter.toklink.business.R$array
cn.rentsoft.flutter.toklink.business.R$anim
cn.rentsoft.flutter.toklink.business.R$integer
cn.rentsoft.flutter.toklink.business.R$dimen
cn.rentsoft.flutter.toklink.business.R$raw
cn.rentsoft.flutter.toklink.business.R$mipmap
cn.rentsoft.flutter.toklink.business.R$interpolator
cn.rentsoft.flutter.toklink.business.R$bool
cn.rentsoft.flutter.toklink.business.R$string
cn.rentsoft.flutter.toklink.business.MainActivity
cn.rentsoft.flutter.toklink.business.R$color: int error_color_material_light
cn.rentsoft.flutter.toklink.business.R$layout: int abc_search_view
cn.rentsoft.flutter.toklink.business.R$attr: int dialogTitle
cn.rentsoft.flutter.toklink.business.R$drawable: int abc_spinner_textfield_background_material
cn.rentsoft.flutter.toklink.business.R$drawable: int abc_list_longpressed_holo
cn.rentsoft.flutter.toklink.business.R$drawable: int abc_btn_radio_to_on_mtrl_015
cn.rentsoft.flutter.toklink.business.R$attr: int listPreferredItemPaddingEnd
cn.rentsoft.flutter.toklink.business.R$styleable: int MenuItem_numericModifiers
cn.rentsoft.flutter.toklink.business.R$attr: int titleTextStyle
cn.rentsoft.flutter.toklink.business.R$style: int TextAppearance_Compat_Notification_Title
cn.rentsoft.flutter.toklink.business.R$styleable: int PreferenceImageView_maxWidth
cn.rentsoft.flutter.toklink.business.R$styleable: int PopupWindow_android_popupBackground
cn.rentsoft.flutter.toklink.business.R$style: int Base_V7_Theme_AppCompat
cn.rentsoft.flutter.toklink.business.R$style: int AlertDialogCustom
cn.rentsoft.flutter.toklink.business.R$drawable: int notification_bg_normal_pressed
cn.rentsoft.flutter.toklink.business.R$styleable: int AppCompatTheme_dialogTheme
cn.rentsoft.flutter.toklink.business.R$color: int ucrop_color_default_logo
cn.rentsoft.flutter.toklink.business.R$attr: int ratingBarStyleIndicator
cn.rentsoft.flutter.toklink.business.R$id: int middle
cn.rentsoft.flutter.toklink.business.R$style: int TextAppearance_AppCompat_Widget_ActionBar_Menu
cn.rentsoft.flutter.toklink.business.R$style: int AlertDialog_AppCompat
cn.rentsoft.flutter.toklink.business.R$styleable: int RecyclerView_fastScrollHorizontalThumbDrawable
cn.rentsoft.flutter.toklink.business.R$style: int Widget_AppCompat_DrawerArrowToggle
cn.rentsoft.flutter.toklink.business.R$styleable: int MenuItem_android_title
cn.rentsoft.flutter.toklink.business.R$styleable: int[] LinearLayoutCompat
cn.rentsoft.flutter.toklink.business.R$attr: int editTextStyle
cn.rentsoft.flutter.toklink.business.R$dimen: int ucrop_text_size_widget_text
cn.rentsoft.flutter.toklink.business.R$styleable: int[] PreferenceImageView
cn.rentsoft.flutter.toklink.business.R$dimen: int abc_action_bar_subtitle_top_margin_material
cn.rentsoft.flutter.toklink.business.R$drawable: int abc_item_background_holo_dark
cn.rentsoft.flutter.toklink.business.R$string: int scankit_no_code_tip
cn.rentsoft.flutter.toklink.business.R$attr: int backgroundSplit
cn.rentsoft.flutter.toklink.business.R$attr: int dropDownListViewStyle
cn.rentsoft.flutter.toklink.business.R$id: int start
cn.rentsoft.flutter.toklink.business.R$string: int fallback_menu_item_share_link
cn.rentsoft.flutter.toklink.business.R$string: int scankit_light_off
cn.rentsoft.flutter.toklink.business.R$style: int Base_AlertDialog_AppCompat_Light
cn.rentsoft.flutter.toklink.business.R$style: int Widget_AppCompat_Light_Spinner_DropDown_ActionBar
cn.rentsoft.flutter.toklink.business.R$styleable: int AppCompatTextHelper_android_drawableEnd
...
com.flutterandies.photo_manager.R$attr: int state_above_anchor
androidx.transition.R$color: int material_grey_300
com.benjaminabel.vibration.R$id: int rtl
io.flutter.plugins.localauth.R$attr: int drawableBottomCompat
io.flutter.plugins.sharedpreferences.R$color: int abc_primary_text_disable_only_material_dark
androidx.biometric.R$anim: int btn_checkbox_to_checked_box_outer_merged_animation
dev.fluttercommunity.plus.device_info.R$styleable: int[] SplitPairFilter
androidx.transition.R$style: int Widget_AppCompat_Button_Borderless
com.crazecoder.openfile.R$color: int abc_primary_text_disable_only_material_light
com.flutterandies.photo_manager.R$style: int RtlUnderlay_Widget_AppCompat_ActionButton
androidx.appcompat.R$styleable: int AppCompatTheme_radioButtonStyle
com.google.android.gms.base.R$drawable: int common_google_signin_btn_text_light_normal_background
com.yalantis.ucrop.R$drawable: int abc_popup_background_mtrl_mult
android.support.v4.media.session.PlaybackStateCompat: android.media.session.PlaybackState mStateFwk
androidx.recyclerview.R$styleable: int GradientColor_android_centerX
io.flutter.plugins.imagepicker.R$drawable: int ic_call_answer
com.huawei.hms.scankit.p.Pa: java.lang.String b
androidx.legacy.coreutils.R$attr: int ttcIndex
com.cloudwebrtc.webrtc.video.camera.CameraUtils: android.app.Activity activity
com.yalantis.ucrop.R$styleable: int SearchView_android_inputType
io.flutter.plugins.webviewflutter.R$attr: int primaryActivityName
androidx.core.R$id: int tag_accessibility_actions
io.flutter.plugins.flutter_plugin_android_lifecycle.R$id: int accessibility_custom_action_23
com.bumptech.glide.R$string: int abc_action_bar_up_description
com.google.zxing.common.StringUtils: java.nio.charset.Charset SHIFT_JIS_CHARSET
dev.fluttercommunity.plus.sensors.R$attr: int alpha
android.support.v4.media.MediaMetadataCompat: java.lang.String METADATA_KEY_DURATION
androidx.media3.exoplayer.smoothstreaming.R$id: int tag_accessibility_pane_title
com.dexterous.flutterlocalnotifications.FlutterLocalNotificationsPlugin: java.lang.String ARE_NOTIFICATIONS_ENABLED_METHOD
com.google.zxing.pdf417.decoder.BoundingBox: com.google.zxing.common.BitMatrix image
com.llfbandit.record.R$drawable: int notification_bg_low
com.bumptech.glide.R$styleable: int SwitchCompat_switchTextAppearance
com.bumptech.glide.R$color: int abc_hint_foreground_material_dark
com.crazecoder.openfile.R$string: int abc_menu_function_shortcut_label
vn.hunghd.flutter.plugins.imagecropper.R$attr: int windowActionBarOverlay
com.yalantis.ucrop.R$attr: int buttonBarPositiveButtonStyle
com.flutterandies.photo_manager.R$style: int Base_TextAppearance_AppCompat_Body2
vn.hunghd.flutter.plugins.imagecropper.R$style: int Theme_AppCompat_Light_DialogWhenLarge
android.support.v4.app.INotificationSideChannel: java.lang.String DESCRIPTOR
com.baseflow.permissionhandler.R$styleable: int SplitPairRule_animationBackgroundColor
net.touchcapture.qr.flutterqrplus.R$attr: int showTitle
androidx.recyclerview.R$dimen: int notification_big_circle_margin
androidx.transition.R$dimen: int abc_action_bar_default_padding_end_material
com.chavesgu.scan.R$styleable: int AppCompatTheme_actionModePasteDrawable
androidx.core.R$styleable: int FontFamily_fontProviderAuthority
com.ryanheise.just_audio.R$styleable: int FontFamilyFont_android_fontVariationSettings
com.benjaminabel.vibration.R$id: int bottomToTop
vn.hunghd.flutter.plugins.imagecropper.R$attr: int fontVariationSettings
com.yalantis.ucrop.view.CropImageView$ZoomImageToPosition: float mOldScale
androidx.biometric.R$attr: int submitBackground
io.flutter.plugins.flutter_plugin_android_lifecycle.R$styleable: int FontFamilyFont_android_fontVariationSettings
com.google.common.collect.SingletonImmutableSet: java.lang.Object element
com.ryanheise.just_audio.R$attr: int tag
io.flutter.plugins.sharedpreferences.R$styleable: int MenuView_android_headerBackground
io.flutter.plugins.webviewflutter.R$styleable: int[] SplitPairRule