android/app/proguard/mapping.txt
# compiler: R8
# compiler_version: 8.3.37
# min_api: 24
# common_typos_disable
# {"id":"com.android.tools.r8.mapping","version":"2.2"}
# pg_map_id: 64c43f3
# pg_map_hash: SHA-256 64c43f3441fec23ff709c814187330ffbcf75d9579ea0677e24d8fc52c738841
cn.rentsoft.flutter.toklink.business.MainActivity -> cn.rentsoft.flutter.toklink.business.MainActivity:
# {"id":"sourceFile","fileName":"MainActivity.java"}
...
androidx.media3.exoplayer.hls.playlist.DefaultHlsPlaylistTracker$FirstPrimaryMediaPlaylistListener -> androidx.media3.exoplayer.hls.playlist.a$b:
# {"id":"sourceFile","fileName":"DefaultHlsPlaylistTracker.java"}
    androidx.media3.exoplayer.hls.playlist.DefaultHlsPlaylistTracker this$0 -> a
      # {"id":"com.android.tools.r8.residualsignature","signature":"Landroidx/media3/exoplayer/hls/playlist/a;"}
    1:1:void <init>(androidx.media3.exoplayer.hls.playlist.DefaultHlsPlaylistTracker):0:0 -> <init>
      # {"id":"com.android.tools.r8.residualsignature","signature":"(Landroidx/media3/exoplayer/hls/playlist/a;)V"}
    2:2:void <init>(androidx.media3.exoplayer.hls.playlist.DefaultHlsPlaylistTracker,androidx.media3.exoplayer.hls.playlist.DefaultHlsPlaylistTracker$1):0:0 -> <init>
      # {"id":"com.android.tools.r8.residualsignature","signature":"(Landroidx/media3/exoplayer/hls/playlist/a;Landroidx/media3/exoplayer/hls/playlist/a$a;)V"}
    1:1:void onPlaylistChanged():0:0 -> a
    1:1:boolean onPlaylistError(android.net.Uri,androidx.media3.exoplayer.upstream.LoadErrorHandlingPolicy$LoadErrorInfo,boolean):0:0 -> d
      # {"id":"com.android.tools.r8.residualsignature","signature":"(Landroid/net/Uri;Landroidx/media3/exoplayer/upstream/b$c;Z)Z"}
androidx.media3.exoplayer.hls.playlist.DefaultHlsPlaylistTracker$MediaPlaylistBundle -> androidx.media3.exoplayer.hls.playlist.a$c:
# {"id":"sourceFile","fileName":"DefaultHlsPlaylistTracker.java"}
    android.net.Uri playlistUrl -> a
    androidx.media3.exoplayer.upstream.Loader mediaPlaylistLoader -> b
    androidx.media3.datasource.DataSource mediaPlaylistDataSource -> c
      # {"id":"com.android.tools.r8.residualsignature","signature":"Li1/d;"}
    androidx.media3.exoplayer.hls.playlist.HlsMediaPlaylist playlistSnapshot -> d
      # {"id":"com.android.tools.r8.residualsignature","signature":"Landroidx/media3/exoplayer/hls/playlist/b;"}
    long lastSnapshotLoadMs -> e
    long lastSnapshotChangeMs -> f
    long earliestNextLoadTimeMs -> g
    long excludeUntilMs -> h
    boolean loadPending -> i
    java.io.IOException playlistError -> j
    boolean activeForPlayback -> k
    androidx.media3.exoplayer.hls.playlist.DefaultHlsPlaylistTracker this$0 -> l
      # {"id":"com.android.tools.r8.residualsignature","signature":"Landroidx/media3/exoplayer/hls/playlist/a;"}
    1:1:void $r8$lambda$tODoFoTL93tNogJolJloDdCGWgE(androidx.media3.exoplayer.hls.playlist.DefaultHlsPlaylistTracker$MediaPlaylistBundle,android.net.Uri):0:0 -> a
      # {"id":"com.android.tools.r8.synthesized"}
      # {"id":"com.android.tools.r8.residualsignature","signature":"(Landroidx/media3/exoplayer/hls/playlist/a$c;Landroid/net/Uri;)V"}