android/app/proguard/unused.txt
cn.rentsoft.flutter.toklink.business.BuildConfig
cn.rentsoft.flutter.toklink.business.R
...
androidx.media3.exoplayer.upstream.experimental.ExperimentalBandwidthMeter
androidx.media3.exoplayer.upstream.experimental.ExponentialWeightedAverageStatistic
androidx.media3.exoplayer.upstream.experimental.ExponentialWeightedAverageTimeToFirstByteEstimator$FixedSizeLinkedHashMap
androidx.media3.exoplayer.upstream.experimental.ExponentialWeightedAverageTimeToFirstByteEstimator
androidx.media3.exoplayer.upstream.experimental.PercentileTimeToFirstByteEstimator$FixedSizeLinkedHashMap
androidx.media3.exoplayer.upstream.experimental.PercentileTimeToFirstByteEstimator
androidx.media3.exoplayer.upstream.experimental.SlidingPercentileBandwidthStatistic$Sample
androidx.media3.exoplayer.upstream.experimental.SlidingPercentileBandwidthStatistic
androidx.media3.exoplayer.upstream.experimental.SlidingWeightedAverageBandwidthStatistic$Sample
androidx.media3.exoplayer.upstream.experimental.SlidingWeightedAverageBandwidthStatistic$SampleEvictionFunction
androidx.media3.exoplayer.upstream.experimental.SlidingWeightedAverageBandwidthStatistic
androidx.media3.exoplayer.upstream.experimental.SplitParallelSampleBandwidthEstimator$1
androidx.media3.exoplayer.upstream.experimental.SplitParallelSampleBandwidthEstimator$Builder
androidx.media3.exoplayer.upstream.experimental.SplitParallelSampleBandwidthEstimator
androidx.media3.exoplayer.upstream.experimental.package-info
androidx.media3.exoplayer.upstream.package-info
androidx.media3.exoplayer.util.DebugTextViewHelper$1
androidx.media3.exoplayer.util.DebugTextViewHelper$Updater
androidx.media3.exoplayer.util.DebugTextViewHelper
androidx.media3.exoplayer.util.EventLogger
androidx.media3.exoplayer.util.SntpClient:
    public static final java.lang.String DEFAULT_NTP_HOST
    private static final int NTP_LEAP_NOSYNC
    private static final int NTP_MODE_BROADCAST
    private static final int NTP_MODE_CLIENT
    private static final int NTP_MODE_SERVER
    private static final int NTP_PACKET_SIZE
    private static final int NTP_PORT
    private static final int NTP_STRATUM_DEATH
    private static final int NTP_STRATUM_MAX
    private static final int NTP_VERSION
    private static final long OFFSET_1900_TO_1970
    private static final int ORIGINATE_TIME_OFFSET
    private static final int RECEIVE_TIME_OFFSET
    private static final int TIMEOUT_MS
    private static final int TRANSMIT_TIME_OFFSET
    private void <init>()
    public static void setNtpHost(java.lang.String)
androidx.media3.exoplayer.util.package-info
androidx.media3.exoplayer.video.CompositingVideoSinkProvider$Builder:
    public androidx.media3.exoplayer.video.CompositingVideoSinkProvider$Builder setPreviewingVideoGraphFactory(androidx.media3.common.PreviewingVideoGraph$Factory)
    public androidx.media3.exoplayer.video.CompositingVideoSinkProvider$Builder setVideoFrameProcessorFactory(androidx.media3.common.VideoFrameProcessor$Factory)
androidx.media3.exoplayer.video.CompositingVideoSinkProvider$Listener:
    public abstract void onError(androidx.media3.exoplayer.video.CompositingVideoSinkProvider,androidx.media3.common.VideoFrameProcessingException)
androidx.media3.exoplayer.video.CompositingVideoSinkProvider$ReflectiveDefaultVideoFrameProcessorFactory:
    public androidx.media3.common.VideoFrameProcessor create(android.content.Context,androidx.media3.common.DebugViewProvider,androidx.media3.common.ColorInfo,boolean,java.util.concurrent.Executor,androidx.media3.common.VideoFrameProcessor$Listener)
androidx.media3.exoplayer.video.CompositingVideoSinkProvider$ScaleAndRotateAccessor:
    private void <init>()